<?xml version="1.0" encoding="UTF-8"?>
<!-- Generated by org.testng.reporters.JUnitXMLReporter -->
<testsuite ignored="0" hostname="DESKTOP-T0KH8L2" failures="0" tests="5" name="Test" time="22.449" errors="0" timestamp="2023-12-01T01:35:28 IST">
  <testcase classname="testCases.UserLoginTestCase" name="verifyUserLogin" time="0.715"/>
  <testcase classname="testCases.MakeAppointmentTestCase" name="makeAppointment" time="1.549"/>
  <testcase classname="testCases.ProfileTestCase" name="viewProfile" time="1.073"/>
  <testcase classname="testCases.HistoryTestCase" name="viewHistory" time="1.045"/>
  <testcase classname="testCases.UserLogoutTestCase" name="verifyUserLogout" time="1.194"/>
</testsuite> <!-- Test -->
