<?xml version="1.0" encoding="UTF-8"?>
<testng-results ignored="0" total="5" passed="5" failed="0" skipped="0">
  <reporter-output>
  </reporter-output>
  <suite started-at="2023-12-01T01:35:06 IST" name="Suite" finished-at="2023-12-01T01:35:28 IST" duration-ms="22449">
    <groups>
    </groups>
    <test started-at="2023-12-01T01:35:06 IST" name="Test" finished-at="2023-12-01T01:35:28 IST" duration-ms="22449">
      <class name="testCases.HistoryTestCase">
        <test-method is-config="true" signature="setup()[pri:0, instance:testCases.HistoryTestCase@7ef82753]" started-at="2023-12-01T01:35:20 IST" name="setup" finished-at="2023-12-01T01:35:22 IST" duration-ms="2899" status="PASS">
          <reporter-output>
          </reporter-output>
        </test-method> <!-- setup -->
        <test-method signature="viewHistory()[pri:0, instance:testCases.HistoryTestCase@7ef82753]" started-at="2023-12-01T01:35:22 IST" name="viewHistory" finished-at="2023-12-01T01:35:23 IST" duration-ms="1045" status="PASS">
          <reporter-output>
          </reporter-output>
        </test-method> <!-- viewHistory -->
        <test-method is-config="true" signature="teardown()[pri:0, instance:testCases.HistoryTestCase@7ef82753]" started-at="2023-12-01T01:35:23 IST" name="teardown" finished-at="2023-12-01T01:35:24 IST" duration-ms="282" status="PASS">
          <reporter-output>
          </reporter-output>
        </test-method> <!-- teardown -->
      </class> <!-- testCases.HistoryTestCase -->
      <class name="testCases.UserLogoutTestCase">
        <test-method is-config="true" signature="setup()[pri:0, instance:testCases.UserLogoutTestCase@3b0fe47a]" started-at="2023-12-01T01:35:24 IST" name="setup" finished-at="2023-12-01T01:35:27 IST" duration-ms="2831" status="PASS">
          <reporter-output>
          </reporter-output>
        </test-method> <!-- setup -->
        <test-method signature="verifyUserLogout()[pri:0, instance:testCases.UserLogoutTestCase@3b0fe47a]" started-at="2023-12-01T01:35:27 IST" name="verifyUserLogout" finished-at="2023-12-01T01:35:28 IST" duration-ms="1194" status="PASS">
          <reporter-output>
          </reporter-output>
        </test-method> <!-- verifyUserLogout -->
        <test-method is-config="true" signature="teardown()[pri:0, instance:testCases.UserLogoutTestCase@3b0fe47a]" started-at="2023-12-01T01:35:28 IST" name="teardown" finished-at="2023-12-01T01:35:28 IST" duration-ms="257" status="PASS">
          <reporter-output>
          </reporter-output>
        </test-method> <!-- teardown -->
      </class> <!-- testCases.UserLogoutTestCase -->
      <class name="testCases.MakeAppointmentTestCase">
        <test-method is-config="true" signature="setup()[pri:0, instance:testCases.MakeAppointmentTestCase@117159c0]" started-at="2023-12-01T01:35:11 IST" name="setup" finished-at="2023-12-01T01:35:14 IST" duration-ms="3002" status="PASS">
          <reporter-output>
          </reporter-output>
        </test-method> <!-- setup -->
        <test-method signature="makeAppointment()[pri:0, instance:testCases.MakeAppointmentTestCase@117159c0]" started-at="2023-12-01T01:35:14 IST" name="makeAppointment" finished-at="2023-12-01T01:35:15 IST" duration-ms="1549" status="PASS">
          <reporter-output>
          </reporter-output>
        </test-method> <!-- makeAppointment -->
        <test-method is-config="true" signature="teardown()[pri:0, instance:testCases.MakeAppointmentTestCase@117159c0]" started-at="2023-12-01T01:35:15 IST" name="teardown" finished-at="2023-12-01T01:35:15 IST" duration-ms="294" status="PASS">
          <reporter-output>
          </reporter-output>
        </test-method> <!-- teardown -->
      </class> <!-- testCases.MakeAppointmentTestCase -->
      <class name="testCases.UserLoginTestCase">
        <test-method is-config="true" signature="setup()[pri:0, instance:testCases.UserLoginTestCase@6574a52c]" started-at="2023-12-01T01:35:06 IST" name="setup" finished-at="2023-12-01T01:35:09 IST" duration-ms="3839" status="PASS">
          <reporter-output>
          </reporter-output>
        </test-method> <!-- setup -->
        <test-method signature="verifyUserLogin()[pri:0, instance:testCases.UserLoginTestCase@6574a52c]" started-at="2023-12-01T01:35:09 IST" name="verifyUserLogin" finished-at="2023-12-01T01:35:10 IST" duration-ms="715" status="PASS">
          <reporter-output>
          </reporter-output>
        </test-method> <!-- verifyUserLogin -->
        <test-method is-config="true" signature="teardown()[pri:0, instance:testCases.UserLoginTestCase@6574a52c]" started-at="2023-12-01T01:35:10 IST" name="teardown" finished-at="2023-12-01T01:35:11 IST" duration-ms="311" status="PASS">
          <reporter-output>
          </reporter-output>
        </test-method> <!-- teardown -->
      </class> <!-- testCases.UserLoginTestCase -->
      <class name="testCases.ProfileTestCase">
        <test-method is-config="true" signature="setup()[pri:0, instance:testCases.ProfileTestCase@3e27ba32]" started-at="2023-12-01T01:35:15 IST" name="setup" finished-at="2023-12-01T01:35:18 IST" duration-ms="2871" status="PASS">
          <reporter-output>
          </reporter-output>
        </test-method> <!-- setup -->
        <test-method signature="viewProfile()[pri:0, instance:testCases.ProfileTestCase@3e27ba32]" started-at="2023-12-01T01:35:18 IST" name="viewProfile" finished-at="2023-12-01T01:35:19 IST" duration-ms="1073" status="PASS">
          <reporter-output>
          </reporter-output>
        </test-method> <!-- viewProfile -->
        <test-method is-config="true" signature="teardown()[pri:0, instance:testCases.ProfileTestCase@3e27ba32]" started-at="2023-12-01T01:35:19 IST" name="teardown" finished-at="2023-12-01T01:35:20 IST" duration-ms="228" status="PASS">
          <reporter-output>
          </reporter-output>
        </test-method> <!-- teardown -->
      </class> <!-- testCases.ProfileTestCase -->
    </test> <!-- Test -->
  </suite> <!-- Suite -->
</testng-results>
