<?xml version="1.0" encoding="UTF-8"?>
<testng-results ignored="0" total="1" passed="1" failed="0" skipped="0">
  <reporter-output>
  </reporter-output>
  <suite started-at="2023-11-29T02:24:58 IST" name="Default suite" finished-at="2023-11-29T02:25:03 IST" duration-ms="4913">
    <groups>
    </groups>
    <test started-at="2023-11-29T02:24:58 IST" name="Default test" finished-at="2023-11-29T02:25:03 IST" duration-ms="4913">
      <class name="testCases.ProfileTestCase">
        <test-method is-config="true" signature="setup()[pri:0, instance:testCases.ProfileTestCase@2794eab6]" started-at="2023-11-29T02:24:58 IST" name="setup" finished-at="2023-11-29T02:25:00 IST" duration-ms="2446" status="PASS">
          <reporter-output>
          </reporter-output>
        </test-method> <!-- setup -->
        <test-method signature="viewProfile()[pri:0, instance:testCases.ProfileTestCase@2794eab6]" started-at="2023-11-29T02:25:00 IST" name="viewProfile" finished-at="2023-11-29T02:25:02 IST" duration-ms="2188" status="PASS">
          <reporter-output>
          </reporter-output>
        </test-method> <!-- viewProfile -->
        <test-method is-config="true" signature="teardown()[pri:0, instance:testCases.ProfileTestCase@2794eab6]" started-at="2023-11-29T02:25:02 IST" name="teardown" finished-at="2023-11-29T02:25:03 IST" duration-ms="243" status="PASS">
          <reporter-output>
          </reporter-output>
        </test-method> <!-- teardown -->
      </class> <!-- testCases.ProfileTestCase -->
    </test> <!-- Default test -->
  </suite> <!-- Default suite -->
</testng-results>
